Obtaining file:///home/henry/NYSee/propertyfish/backend
  Installing build dependencies: started
  Installing build dependencies: finished with status 'error'
  error: subprocess-exited-with-error
  
  × pip subprocess to install build dependencies did not run successfully.
  │ exit code: 1
  ╰─> [7 lines of output]
      WARNING: Retrying (Retry(total=4, connect=None, read=None, redirect=None, status=None)) after connection broken by 'NewConnectionError('<pip._vendor.urllib3.connection.HTTPSConnection object at 0x7a4df7154530>: Failed to establish a new connection: [Errno -2] Name or service not known')': /simple/setuptools/
      WARNING: Retrying (Retry(total=3, connect=None, read=None, redirect=None, status=None)) after connection broken by 'NewConnectionError('<pip._vendor.urllib3.connection.HTTPSConnection object at 0x7a4df7096b10>: Failed to establish a new connection: [Errno -2] Name or service not known')': /simple/setuptools/
      WARNING: Retrying (Retry(total=2, connect=None, read=None, redirect=None, status=None)) after connection broken by 'NewConnectionError('<pip._vendor.urllib3.connection.HTTPSConnection object at 0x7a4df7096f00>: Failed to establish a new connection: [Errno -2] Name or service not known')': /simple/setuptools/
      WARNING: Retrying (Retry(total=1, connect=None, read=None, redirect=None, status=None)) after connection broken by 'NewConnectionError('<pip._vendor.urllib3.connection.HTTPSConnection object at 0x7a4df70970e0>: Failed to establish a new connection: [Errno -2] Name or service not known')': /simple/setuptools/
      WARNING: Retrying (Retry(total=0, connect=None, read=None, redirect=None, status=None)) after connection broken by 'NewConnectionError('<pip._vendor.urllib3.connection.HTTPSConnection object at 0x7a4df70972f0>: Failed to establish a new connection: [Errno -2] Name or service not known')': /simple/setuptools/
      ERROR: Could not find a version that satisfies the requirement setuptools>=40.8.0 (from versions: none)
      ERROR: No matching distribution found for setuptools>=40.8.0
      [end of output]
  
  note: This error originates from a subprocess, and is likely not a problem with pip.
error: subprocess-exited-with-error

× pip subprocess to install build dependencies did not run successfully.
│ exit code: 1
╰─> See above for output.

note: This error originates from a subprocess, and is likely not a problem with pip.
