DATABASE_URL=postgresql://postgres:postgres@localhost:5432/propertyfish
ENV=
ACRIS_CSV_PATH=
DOB_PERMITS_CSV_PATH=
DOB_VIOLATIONS_CSV_PATH=
ZONING_CSV_PATH=
PLUTO_CSV_PATH=
PLUTO_URL=
USE_BBL_AS_PK=
NYC_SOCRATA_BASE=
NYC_SOCRATA_APP_TOKEN=
POLITE_MIN_SLEEP_MS=
POLITE_MAX_SLEEP_MS=
DOB_PERMITS_RESOURCE_ID=
PERMITS_DATE_FIELD=
DOB_VIOL_RESOURCE_ID=
DOB_VIOL_DATE_FIELD=
HPD_VIOL_RESOURCE_ID=
HPD_VIOL_DATE_FIELD=
HPD_REG_RESOURCE_ID=
HPD_REG_DATE_FIELD=
ACRIS_LEGAL_RESOURCE_ID=
ACRIS_LEGAL_DATE_FIELD=
ACRIS_MTG_RESOURCE_ID=
ACRIS_MTG_DATE_FIELD=
NEXT_PUBLIC_API_BASE=
