frontend
frontend/app
frontend/app/page.tsx
frontend/app/api.ts
frontend/node_modules
frontend/node_modules/picocolors
frontend/node_modules/picocolors/picocolors.js
frontend/node_modules/picocolors/picocolors.d.ts
frontend/node_modules/picocolors/LICENSE
frontend/node_modules/picocolors/picocolors.browser.js
frontend/node_modules/picocolors/README.md
frontend/node_modules/picocolors/package.json
frontend/node_modules/picocolors/types.d.ts
frontend/node_modules/.package-lock.json
frontend/node_modules/caniuse-lite
frontend/node_modules/caniuse-lite/data
frontend/node_modules/caniuse-lite/LICENSE
frontend/node_modules/caniuse-lite/README.md
frontend/node_modules/caniuse-lite/package.json
frontend/node_modules/caniuse-lite/dist
frontend/node_modules/.bin
frontend/node_modules/.bin/loose-envify
frontend/node_modules/.bin/next
frontend/node_modules/.bin/nanoid
frontend/node_modules/react-dom
frontend/node_modules/react-dom/umd
frontend/node_modules/react-dom/profiling.js
frontend/node_modules/react-dom/server.browser.js
frontend/node_modules/react-dom/server.js
frontend/node_modules/react-dom/client.js
frontend/node_modules/react-dom/LICENSE
frontend/node_modules/react-dom/test-utils.js
frontend/node_modules/react-dom/README.md
frontend/node_modules/react-dom/package.json
frontend/node_modules/react-dom/index.js
frontend/node_modules/react-dom/cjs
frontend/node_modules/react-dom/server.node.js
frontend/node_modules/postcss
frontend/node_modules/postcss/LICENSE
frontend/node_modules/postcss/lib
frontend/node_modules/postcss/README.md
frontend/node_modules/postcss/package.json
frontend/node_modules/loose-envify
frontend/node_modules/loose-envify/cli.js
frontend/node_modules/loose-envify/custom.js
frontend/node_modules/loose-envify/LICENSE
frontend/node_modules/loose-envify/README.md
frontend/node_modules/loose-envify/package.json
frontend/node_modules/loose-envify/index.js
frontend/node_modules/loose-envify/replace.js
frontend/node_modules/loose-envify/loose-envify.js
frontend/node_modules/@next
frontend/node_modules/@next/swc-linux-x64-gnu
frontend/node_modules/@next/env
frontend/node_modules/next
frontend/node_modules/next/document.js
frontend/node_modules/next/web-vitals.js
frontend/node_modules/next/jest.js
frontend/node_modules/next/document.d.ts
frontend/node_modules/next/jest.d.ts
frontend/node_modules/next/image-types
frontend/node_modules/next/navigation.d.ts
frontend/node_modules/next/constants.js
frontend/node_modules/next/link.d.ts
frontend/node_modules/next/config.js
frontend/node_modules/next/server.js
frontend/node_modules/next/head.d.ts
frontend/node_modules/next/compat
frontend/node_modules/next/script.js
frontend/node_modules/next/og.d.ts
frontend/node_modules/next/client.js
frontend/node_modules/next/router.js
frontend/node_modules/next/error.js
frontend/node_modules/next/babel.js
frontend/node_modules/next/constants.d.ts
frontend/node_modules/next/license.md
frontend/node_modules/next/legacy
frontend/node_modules/next/dynamic.d.ts
frontend/node_modules/next/README.md
frontend/node_modules/next/client.d.ts
frontend/node_modules/next/config.d.ts
frontend/node_modules/next/package.json
frontend/node_modules/next/types
frontend/node_modules/next/index.d.ts
frontend/node_modules/next/web-vitals.d.ts
frontend/node_modules/next/image.js
frontend/node_modules/next/babel.d.ts
frontend/node_modules/next/dist
frontend/node_modules/next/amp.js
frontend/node_modules/next/og.js
frontend/node_modules/next/amp.d.ts
frontend/node_modules/next/app.d.ts
frontend/node_modules/next/dynamic.js
frontend/node_modules/next/image.d.ts
frontend/node_modules/next/headers.js
frontend/node_modules/next/server.d.ts
frontend/node_modules/next/cache.js
frontend/node_modules/next/experimental
frontend/node_modules/next/navigation.js
frontend/node_modules/next/cache.d.ts
frontend/node_modules/next/font
frontend/node_modules/next/link.js
frontend/node_modules/next/navigation-types
frontend/node_modules/next/router.d.ts
frontend/node_modules/next/headers.d.ts
frontend/node_modules/next/head.js
frontend/node_modules/next/app.js
frontend/node_modules/next/error.d.ts
frontend/node_modules/next/script.d.ts
frontend/node_modules/streamsearch
frontend/node_modules/streamsearch/test
frontend/node_modules/streamsearch/.github
frontend/node_modules/streamsearch/LICENSE
frontend/node_modules/streamsearch/lib
frontend/node_modules/streamsearch/README.md
frontend/node_modules/streamsearch/.eslintrc.js
frontend/node_modules/streamsearch/package.json
frontend/node_modules/graceful-fs
frontend/node_modules/graceful-fs/polyfills.js
frontend/node_modules/graceful-fs/graceful-fs.js
frontend/node_modules/graceful-fs/LICENSE
frontend/node_modules/graceful-fs/legacy-streams.js
frontend/node_modules/graceful-fs/README.md
frontend/node_modules/graceful-fs/clone.js
frontend/node_modules/graceful-fs/package.json
frontend/node_modules/styled-jsx
frontend/node_modules/styled-jsx/style.js
frontend/node_modules/styled-jsx/css.d.ts
frontend/node_modules/styled-jsx/webpack.js
frontend/node_modules/styled-jsx/css.js
frontend/node_modules/styled-jsx/readme.md
frontend/node_modules/styled-jsx/babel-test.js
frontend/node_modules/styled-jsx/lib
frontend/node_modules/styled-jsx/babel.js
frontend/node_modules/styled-jsx/license.md
frontend/node_modules/styled-jsx/macro.js
frontend/node_modules/styled-jsx/macro.d.ts
frontend/node_modules/styled-jsx/package.json
frontend/node_modules/styled-jsx/index.d.ts
frontend/node_modules/styled-jsx/dist
frontend/node_modules/styled-jsx/index.js
frontend/node_modules/styled-jsx/style.d.ts
frontend/node_modules/styled-jsx/global.d.ts
frontend/node_modules/nanoid
frontend/node_modules/nanoid/nanoid.js
frontend/node_modules/nanoid/bin
frontend/node_modules/nanoid/index.cjs
frontend/node_modules/nanoid/url-alphabet
frontend/node_modules/nanoid/LICENSE
frontend/node_modules/nanoid/index.browser.js
frontend/node_modules/nanoid/README.md
frontend/node_modules/nanoid/package.json
frontend/node_modules/nanoid/index.d.ts
frontend/node_modules/nanoid/non-secure
frontend/node_modules/nanoid/index.d.cts
frontend/node_modules/nanoid/index.js
frontend/node_modules/nanoid/index.browser.cjs
frontend/node_modules/nanoid/async
frontend/node_modules/client-only
frontend/node_modules/client-only/error.js
frontend/node_modules/client-only/package.json
frontend/node_modules/client-only/index.js
frontend/node_modules/scheduler
frontend/node_modules/scheduler/umd
frontend/node_modules/scheduler/unstable_mock.js
frontend/node_modules/scheduler/unstable_post_task.js
frontend/node_modules/scheduler/LICENSE
frontend/node_modules/scheduler/README.md
frontend/node_modules/scheduler/package.json
frontend/node_modules/scheduler/index.js
frontend/node_modules/scheduler/cjs
frontend/node_modules/tslib
frontend/node_modules/tslib/tslib.es6.html
frontend/node_modules/tslib/SECURITY.md
frontend/node_modules/tslib/tslib.es6.js
frontend/node_modules/tslib/tslib.js
frontend/node_modules/tslib/README.md
frontend/node_modules/tslib/modules
frontend/node_modules/tslib/tslib.d.ts
frontend/node_modules/tslib/package.json
frontend/node_modules/tslib/CopyrightNotice.txt
frontend/node_modules/tslib/tslib.es6.mjs
frontend/node_modules/tslib/tslib.html
frontend/node_modules/tslib/LICENSE.txt
frontend/node_modules/source-map-js
frontend/node_modules/source-map-js/source-map.d.ts
frontend/node_modules/source-map-js/LICENSE
frontend/node_modules/source-map-js/lib
frontend/node_modules/source-map-js/README.md
frontend/node_modules/source-map-js/source-map.js
frontend/node_modules/source-map-js/package.json
frontend/node_modules/@swc
frontend/node_modules/@swc/counter
frontend/node_modules/@swc/helpers
frontend/node_modules/js-tokens
frontend/node_modules/js-tokens/LICENSE
frontend/node_modules/js-tokens/README.md
frontend/node_modules/js-tokens/package.json
frontend/node_modules/js-tokens/CHANGELOG.md
frontend/node_modules/js-tokens/index.js
frontend/node_modules/react
frontend/node_modules/react/umd
frontend/node_modules/react/LICENSE
frontend/node_modules/react/README.md
frontend/node_modules/react/react.shared-subset.js
frontend/node_modules/react/package.json
frontend/node_modules/react/jsx-runtime.js
frontend/node_modules/react/index.js
frontend/node_modules/react/cjs
frontend/node_modules/react/jsx-dev-runtime.js
frontend/node_modules/busboy
frontend/node_modules/busboy/test
frontend/node_modules/busboy/bench
frontend/node_modules/busboy/.github
frontend/node_modules/busboy/LICENSE
frontend/node_modules/busboy/lib
frontend/node_modules/busboy/README.md
frontend/node_modules/busboy/.eslintrc.js
frontend/node_modules/busboy/package.json
frontend/package.json
frontend/package-lock.json
frontend/chat.html
frontend/tsconfig.json
