.
./.git
./.git/config
./.git/COMMIT_EDITMSG
./.git/branches
./.git/objects
./.git/index
./.git/logs
./.git/description
./.git/HEAD
./.git/refs
./.git/hooks
./.git/packed-refs
./.git/info
./_reports
./_reports/logs
./frontend
./frontend/app
./frontend/node_modules
./frontend/package.json
./frontend/package-lock.json
./frontend/chat.html
./frontend/tsconfig.json
./.venv
./.venv/bin
./.venv/lib
./.venv/include
./.venv/lib64
./.venv/pyvenv.cfg
./.gitattributes
./infra
./infra/deploy.md
./infra/sql
./infra/docker-compose.ymly
./infra/docker-compose.yml
./.gitignore
./docs
./docs/02_DataDictionary.md
./docs/04_Intent_Catalogue.md
./docs/01_PRD.md
./docs/03_API_Contract.md
./docs/05_Citations_Policy.md
./docs/06_TestPlan.md
./scripts
./scripts/schema.sql
./scripts/dev-up.ps1
./backend
./backend/etl
./backend/.venv
./backend/app
./backend/__pycache__
./backend/tests
./backend/.pytest_cache
./backend/.env.example
./backend/pyproject.toml
./backend/.env
./backend/__init__.py
./backend/run_ingestion.py
./pytest.ini
./logs
./logs/ACTIVITY_LOG.md
./README.md
./requirements-dev.txt
./requirements.txt
./.pytest_cache
./.pytest_cache/v
./.pytest_cache/.gitignore
./.pytest_cache/README.md
./.pytest_cache/CACHEDIR.TAG
./AGENTS.md
