backend
backend/etl
backend/etl/pluto_ingest.py
backend/etl/schedule.md
backend/etl/dob_ingest.py
backend/etl/zola_ingest.py
backend/etl/acris_ingest.py
backend/.venv
backend/.venv/bin
backend/.venv/bin/activate.fish
backend/.venv/bin/httpx
backend/.venv/bin/activate
backend/.venv/bin/pip3.12
backend/.venv/bin/python3.12
backend/.venv/bin/python
backend/.venv/bin/pip3
backend/.venv/bin/activate.csh
backend/.venv/bin/uvicorn
backend/.venv/bin/Activate.ps1
backend/.venv/bin/normalizer
backend/.venv/bin/pip
backend/.venv/bin/fastapi
backend/.venv/bin/python3
backend/.venv/lib
backend/.venv/lib/python3.12
backend/.venv/include
backend/.venv/include/python3.12
backend/.venv/include/site
backend/.venv/lib64
backend/.venv/pyvenv.cfg
backend/app
backend/app/routes.py
backend/app/utils
backend/app/utils/citations.py
backend/app/utils/cache.py
backend/app/utils/resolve.py
backend/app/utils/__pycache__
backend/app/utils/activity_log.py
backend/app/routers
backend/app/routers/property.py
backend/app/routers/resolve.py
backend/app/routers/__pycache__
backend/app/routers/chat.py
backend/app/models
backend/app/models/answer_bundle.py
backend/app/models/__pycache__
backend/app/models/schemas.py
backend/app/models/dto.py
backend/app/__pycache__
backend/app/__pycache__/main.cpython-312.pyc
backend/app/__pycache__/__init__.cpython-312.pyc
backend/app/__pycache__/routes.cpython-312.pyc
backend/app/ingestion
backend/app/ingestion/framework.py
backend/app/ingestion/pluto.py
backend/app/ingestion/common.py
backend/app/ingestion/dob_violations.py
backend/app/ingestion/__pycache__
backend/app/ingestion/acris.py
backend/app/ingestion/dof_tax.py
backend/app/ingestion/catalog.yml
backend/app/ingestion/orchestrator.py
backend/app/ingestion/normalizers.py
backend/app/ingestion/zoning_pluto.py
backend/app/ingestion/__init__.py
backend/app/ingestion/dob_permits.py
backend/app/services
backend/app/services/property_service.py
backend/app/services/__pycache__
backend/app/services/chat.py
backend/app/services/chat_service.py
backend/app/services/resolver.py
backend/app/main.py
backend/app/__init__.py
backend/app/db
backend/app/db/schema.sql
backend/app/db/__pycache__
backend/app/db/connection.py
backend/app/db/seeds
backend/__pycache__
backend/__pycache__/__init__.cpython-312.pyc
backend/tests
backend/tests/conftest.py
backend/tests/test_chat_query.py
backend/tests/__pycache__
backend/tests/__pycache__/test_api_misc.cpython-312-pytest-8.4.2.pyc
backend/tests/__pycache__/test_api_misc.cpython-312-pytest-7.4.4.pyc
backend/tests/__pycache__/conftest.cpython-312-pytest-7.4.4.pyc
backend/tests/__pycache__/test_chat_query.cpython-312-pytest-8.4.2.pyc
backend/tests/__pycache__/test_chat_query.cpython-312-pytest-7.4.4.pyc
backend/tests/__pycache__/test_contract_smoke.cpython-312-pytest-7.4.4.pyc
backend/tests/__pycache__/test_contract_smoke.cpython-312-pytest-8.4.2.pyc
backend/tests/__pycache__/conftest.cpython-312-pytest-8.4.2.pyc
backend/tests/test_api_misc.py
backend/tests/test_contract_smoke.py
backend/.pytest_cache
backend/.pytest_cache/v
backend/.pytest_cache/v/cache
backend/.pytest_cache/.gitignore
backend/.pytest_cache/README.md
backend/.pytest_cache/CACHEDIR.TAG
backend/.env.example
backend/pyproject.toml
backend/.env
backend/__init__.py
backend/run_ingestion.py
